<?xml version="1.0" encoding="utf-8"?><testsuites name="pytest tests"><testsuite name="pytest" errors="0" failures="0" skipped="0" tests="9" time="33.043" timestamp="2026-06-13T07:52:02.234329+00:00" hostname="agent-env-663c36f5-09a1-4fcb-87dd-4b920ab121f3"><testcase classname="backend.tests.test_pitchroute.TestHealth" name="test_health_root" time="0.185" /><testcase classname="backend.tests.test_pitchroute.TestChatEndpoint" name="test_prospect_lookup" time="5.141" /><testcase classname="backend.tests.test_pitchroute.TestChatEndpoint" name="test_cold_email_draft" time="6.925" /><testcase classname="backend.tests.test_pitchroute.TestChatEndpoint" name="test_email_review" time="3.164" /><testcase classname="backend.tests.test_pitchroute.TestChatEndpoint" name="test_deal_lookup" time="3.454" /><testcase classname="backend.tests.test_pitchroute.TestChatEndpoint" name="test_find_leads" time="5.179" /><testcase classname="backend.tests.test_pitchroute.TestChatEndpoint" name="test_general_question" time="7.158" /><testcase classname="backend.tests.test_pitchroute.TestChatEndpoint" name="test_empty_message_returns_400" time="0.127" /><testcase classname="backend.tests.test_pitchroute.TestChatEndpoint" name="test_response_has_metadata_fields" time="1.548" /></testsuite></testsuites>